12/02/2021 11:04:24	This log contains information about the import schema operation into project 'Database' on computer 'PO714686' by user 'S852937'.
12/02/2021 11:04:24	Import of database schema has started.
12/02/2021 11:04:30	Gathering database credentials
12/02/2021 11:04:30	Gathering database options
12/02/2021 11:04:30	Gathering generic database scoped configuration option
12/02/2021 11:04:30	Gathering users
12/02/2021 11:04:30	Gathering roles
12/02/2021 11:04:30	Gathering application roles
12/02/2021 11:04:30	Gathering role memberships
12/02/2021 11:04:30	Gathering filegroups
12/02/2021 11:04:30	Gathering full-text catalogs
12/02/2021 11:04:30	Gathering assemblies
12/02/2021 11:04:30	Gathering certificates
12/02/2021 11:04:30	Gathering asymmetric keys
12/02/2021 11:04:30	Gathering symmetric keys
12/02/2021 11:04:30	Gathering encrypted symmetric keys
12/02/2021 11:04:30	Gathering schemas
12/02/2021 11:04:30	Gathering XML schema collections
12/02/2021 11:04:30	Gathering user-defined data types
12/02/2021 11:04:30	Gathering user-defined types
12/02/2021 11:04:30	Gathering table types
12/02/2021 11:04:30	Gathering unique keys for table types
12/02/2021 11:04:30	Gathering primary keys for table types
12/02/2021 11:04:30	Gathering indexes for table types
12/02/2021 11:04:30	Gathering check constraints for table types
12/02/2021 11:04:30	Gathering default constraints for table types
12/02/2021 11:04:30	Gathering partition functions
12/02/2021 11:04:30	Gathering partition schemes
12/02/2021 11:04:30	Gathering functions
12/02/2021 11:04:30	Gathering encrypted functions
12/02/2021 11:04:30	Gathering aggregates
12/02/2021 11:04:30	Gathering procedures
12/02/2021 11:04:30	Gathering encrypted procedures
12/02/2021 11:04:30	Gathering tables
12/02/2021 11:04:30	Gathering primary keys
12/02/2021 11:04:31	Gathering unique constraints
12/02/2021 11:04:31	Gathering foreign keys
12/02/2021 11:04:31	Gathering default constraints
12/02/2021 11:04:31	Gathering check constraints
12/02/2021 11:04:31	Gathering views
12/02/2021 11:04:31	Gathering encrypted views
12/02/2021 11:04:31	Gathering indexes
12/02/2021 11:04:31	Gathering statistics
12/02/2021 11:04:31	Gathering full-text index stoplists
12/02/2021 11:04:31	Gathering search property lists
12/02/2021 11:04:31	Gathering search properties
12/02/2021 11:04:31	Gathering full-text indexes
12/02/2021 11:04:31	Gathering column store indexes
12/02/2021 11:04:31	Gathering spatial indexes
12/02/2021 11:04:31	Gathering XML indexes
12/02/2021 11:04:31	Gathering Selective XML indexes
12/02/2021 11:04:31	Gathering encrypted triggers
12/02/2021 11:04:31	Gathering triggers
12/02/2021 11:04:31	Gathering encrypted and clr ddl triggers
12/02/2021 11:04:31	Gathering ddl triggers
12/02/2021 11:04:31	Creating edge constraints
12/02/2021 11:04:31	Gathering synonyms
12/02/2021 11:04:31	Gathering defaults
12/02/2021 11:04:31	Gathering data constraint uddt bindings
12/02/2021 11:04:31	Gathering rules
12/02/2021 11:04:31	Gathering data constraint uddt bindings
12/02/2021 11:04:31	Gathering message types
12/02/2021 11:04:31	Gathering queues
12/02/2021 11:04:31	Gathering contracts
12/02/2021 11:04:31	Gathering services
12/02/2021 11:04:31	Gathering event notifications
12/02/2021 11:04:31	Gathering remote service bindings
12/02/2021 11:04:31	Gathering broker priorities
12/02/2021 11:04:31	Gathering signatures
12/02/2021 11:04:31	Gathering data compression options
12/02/2021 11:04:31	Gathering sequence types
12/02/2021 11:04:31	Gathering security policies
12/02/2021 11:04:31	Gather column encryption keys
12/02/2021 11:04:31	Gathering column master keys
12/02/2021 11:04:31	Gathering external data sources
12/02/2021 11:04:31	Gathering external file formats
12/02/2021 11:04:31	Gathering external tables
12/02/2021 11:04:31	Gathering extended properties
12/02/2021 11:04:31	Gathering credentials
12/02/2021 11:04:31	Gathering logins
12/02/2021 11:04:31	Gathering server audits
12/02/2021 11:04:31	Scanning project for duplicate elements
12/02/2021 11:04:31	Finished duplicate element processing
12/02/2021 11:04:31	Finished importing database.
12/02/2021 11:04:31	A summary of the import was saved to the following location: C:\Omar LACHGAR\WorkSpace\POC-Projects\Demo.Database.CICD\Database\Import Schema Logs\Database_20210212100424.log
12/02/2021 11:04:31	Click Finish to continue...
